0 info it worked if it ends with ok
1 verbose cli [ 'node',
1 verbose cli   '/usr/local/bin/npm',
1 verbose cli   'install',
1 verbose cli   'promise',
1 verbose cli   '--save-dev' ]
2 info using npm@1.4.28
3 info using node@v0.10.36
4 warn package.json andreafalzetti.github.io@0.0.1 No repository field.
5 verbose readDependencies using package.json deps
6 verbose cache add [ 'promise', null ]
7 verbose cache add name=undefined spec="promise" args=["promise",null]
8 verbose parsed url { protocol: null,
8 verbose parsed url   slashes: null,
8 verbose parsed url   auth: null,
8 verbose parsed url   host: null,
8 verbose parsed url   port: null,
8 verbose parsed url   hostname: null,
8 verbose parsed url   hash: null,
8 verbose parsed url   search: null,
8 verbose parsed url   query: null,
8 verbose parsed url   pathname: 'promise',
8 verbose parsed url   path: 'promise',
8 verbose parsed url   href: 'promise' }
9 silly lockFile 8c2fd844-promise promise
10 verbose lock promise /Users/andreafalzetti/.npm/8c2fd844-promise.lock
11 silly lockFile 8c2fd844-promise promise
12 silly lockFile 8c2fd844-promise promise
13 verbose addNamed [ 'promise', '' ]
14 verbose addNamed [ null, '*' ]
15 silly lockFile 9bab9899-promise promise@
16 verbose lock promise@ /Users/andreafalzetti/.npm/9bab9899-promise.lock
17 silly addNameRange { name: 'promise', range: '*', hasData: false }
18 verbose request where is /promise
19 verbose request registry https://registry.npmjs.org/
20 verbose request id 14d09ce1a5dd46ac
21 verbose url raw /promise
22 verbose url resolving [ 'https://registry.npmjs.org/', './promise' ]
23 verbose url resolved https://registry.npmjs.org/promise
24 verbose request where is https://registry.npmjs.org/promise
25 info trying registry request attempt 1 at 15:28:53
26 verbose etag "4OKJ3KAE0T8HBEG46U9H3PK8U"
27 http GET https://registry.npmjs.org/promise
28 http 304 https://registry.npmjs.org/promise
29 silly registry.get cb [ 304,
29 silly registry.get   { date: 'Mon, 04 Apr 2016 14:28:53 GMT',
29 silly registry.get     via: '1.1 varnish',
29 silly registry.get     'cache-control': 'max-age=300',
29 silly registry.get     etag: '"4OKJ3KAE0T8HBEG46U9H3PK8U"',
29 silly registry.get     age: '28',
29 silly registry.get     connection: 'keep-alive',
29 silly registry.get     'x-served-by': 'cache-lhr6329-LHR',
29 silly registry.get     'x-cache': 'HIT',
29 silly registry.get     'x-cache-hits': '2',
29 silly registry.get     'x-timer': 'S1459780133.943586,VS0,VE0',
29 silly registry.get     vary: 'Accept' } ]
30 verbose etag https://registry.npmjs.org/promise from cache
31 silly addNameRange number 2 { name: 'promise', range: '*', hasData: true }
32 silly addNameRange versions [ 'promise',
32 silly addNameRange   [ '1.2.1',
32 silly addNameRange     '1.2.2',
32 silly addNameRange     '1.3.0',
32 silly addNameRange     '2.0.0',
32 silly addNameRange     '3.0.0',
32 silly addNameRange     '3.0.1',
32 silly addNameRange     '3.1.0',
32 silly addNameRange     '3.2.0',
32 silly addNameRange     '4.0.0',
32 silly addNameRange     '5.0.0',
32 silly addNameRange     '6.0.0',
32 silly addNameRange     '6.0.1',
32 silly addNameRange     '6.1.0',
32 silly addNameRange     '7.0.0',
32 silly addNameRange     '7.0.1',
32 silly addNameRange     '7.0.2',
32 silly addNameRange     '7.0.3',
32 silly addNameRange     '7.0.4',
32 silly addNameRange     '7.1.0',
32 silly addNameRange     '7.1.1' ] ]
33 verbose addNamed [ 'promise', '7.1.1' ]
34 verbose addNamed [ '7.1.1', '7.1.1' ]
35 silly lockFile 05614bad-promise-7-1-1 promise@7.1.1
36 verbose lock promise@7.1.1 /Users/andreafalzetti/.npm/05614bad-promise-7-1-1.lock
37 silly lockFile 797e2f9b-js-org-promise-promise-7-1-1-tgz https://registry.npmjs.org/promise/-/promise-7.1.1.tgz
38 verbose lock https://registry.npmjs.org/promise/-/promise-7.1.1.tgz /Users/andreafalzetti/.npm/797e2f9b-js-org-promise-promise-7-1-1-tgz.lock
39 verbose addRemoteTarball [ 'https://registry.npmjs.org/promise/-/promise-7.1.1.tgz',
39 verbose addRemoteTarball   '489654c692616b8aa55b0724fa809bb7db49c5bf' ]
40 info retry fetch attempt 1 at 15:28:53
41 verbose fetch to= /var/folders/9y/bpxyscfd67v31vc158x4w4640000gn/T/npm-96117-WMlxs6mu/registry.npmjs.org/promise/-/promise-7.1.1.tgz
42 http GET https://registry.npmjs.org/promise/-/promise-7.1.1.tgz
43 http 200 https://registry.npmjs.org/promise/-/promise-7.1.1.tgz
44 silly lockFile 797e2f9b-js-org-promise-promise-7-1-1-tgz https://registry.npmjs.org/promise/-/promise-7.1.1.tgz
45 silly lockFile 797e2f9b-js-org-promise-promise-7-1-1-tgz https://registry.npmjs.org/promise/-/promise-7.1.1.tgz
46 silly lockFile 05614bad-promise-7-1-1 promise@7.1.1
47 silly lockFile 05614bad-promise-7-1-1 promise@7.1.1
48 silly lockFile 9bab9899-promise promise@
49 silly lockFile 9bab9899-promise promise@
50 error Error: EACCES, mkdir '/Users/andreafalzetti/.npm/promise/7.1.1'
50 error  { [Error: EACCES, mkdir '/Users/andreafalzetti/.npm/promise/7.1.1']
50 error   errno: 3,
50 error   code: 'EACCES',
50 error   path: '/Users/andreafalzetti/.npm/promise/7.1.1',
50 error   parent: 'andreafalzetti.github.io' }
51 error Please try running this command again as root/Administrator.
52 error System Darwin 15.4.0
53 error command "node" "/usr/local/bin/npm" "install" "promise" "--save-dev"
54 error cwd /Users/andreafalzetti/dev/repos/andreafalzetti.github.io
55 error node -v v0.10.36
56 error npm -v 1.4.28
57 error path /Users/andreafalzetti/.npm/promise/7.1.1
58 error code EACCES
59 error errno 3
60 error stack Error: EACCES, mkdir '/Users/andreafalzetti/.npm/promise/7.1.1'
61 verbose exit [ 3, true ]
